<?xml version="1.0" encoding="UTF-8"?>
<testsuite xmlns:xsi="http://www.w3.org/2001/XMLSchema-instance" xsi:noNamespaceSchemaLocation="https://maven.apache.org/surefire/maven-surefire-plugin/xsd/surefire-test-report.xsd" name="com.tsune.vhr02.Vhr02ApplicationTests" time="9.564" tests="1" errors="0" skipped="0" failures="0">
  <properties>
    <property name="sun.desktop" value="windows"/>
    <property name="awt.toolkit" value="sun.awt.windows.WToolkit"/>
    <property name="file.encoding.pkg" value="sun.io"/>
    <property name="java.specification.version" value="1.8"/>
    <property name="sun.cpu.isalist" value="amd64"/>
    <property name="sun.jnu.encoding" value="GBK"/>
    <property name="java.class.path" value="D:\IdeaProjects\vhr\vhrserver\vhr-web\target\test-classes;D:\IdeaProjects\vhr\vhrserver\vhr-web\target\classes;D:\IdeaProjects\vhr\vhrserver\vhr-service\target\vhr-service-1.0-SNAPSHOT.jar;D:\software development\MavenRepository\org\springframework\boot\spring-boot-starter-security\2.2.2.RELEASE\spring-boot-starter-security-2.2.2.RELEASE.jar;D:\software development\MavenRepository\org\springframework\spring-aop\5.2.2.RELEASE\spring-aop-5.2.2.RELEASE.jar;D:\software development\MavenRepository\org\springframework\security\spring-security-config\5.2.1.RELEASE\spring-security-config-5.2.1.RELEASE.jar;D:\software development\MavenRepository\org\apache\poi\poi\4.1.1\poi-4.1.1.jar;D:\software development\MavenRepository\commons-codec\commons-codec\1.13\commons-codec-1.13.jar;D:\software development\MavenRepository\org\apache\commons\commons-collections4\4.4\commons-collections4-4.4.jar;D:\software development\MavenRepository\org\apache\commons\commons-math3\3.6.1\commons-math3-3.6.1.jar;D:\IdeaProjects\vhr\vhrserver\vhr-mapper\target\vhr-mapper-1.0-SNAPSHOT.jar;D:\IdeaProjects\vhr\vhrserver\vhr-model\target\vhr-model-1.0-SNAPSHOT.jar;D:\software development\MavenRepository\org\mybatis\spring\boot\mybatis-spring-boot-starter\2.1.1\mybatis-spring-boot-starter-2.1.1.jar;D:\software development\MavenRepository\org\springframework\boot\spring-boot-starter-jdbc\2.2.2.RELEASE\spring-boot-starter-jdbc-2.2.2.RELEASE.jar;D:\software development\MavenRepository\com\zaxxer\HikariCP\3.4.1\HikariCP-3.4.1.jar;D:\software development\MavenRepository\org\springframework\spring-jdbc\5.2.2.RELEASE\spring-jdbc-5.2.2.RELEASE.jar;D:\software development\MavenRepository\org\mybatis\spring\boot\mybatis-spring-boot-autoconfigure\2.1.1\mybatis-spring-boot-autoconfigure-2.1.1.jar;D:\software development\MavenRepository\org\mybatis\mybatis\3.5.3\mybatis-3.5.3.jar;D:\software development\MavenRepository\org\mybatis\mybatis-spring\2.0.3\mybatis-spring-2.0.3.jar;D:\software development\MavenRepository\com\alibaba\druid-spring-boot-starter\1.1.10\druid-spring-boot-starter-1.1.10.jar;D:\software development\MavenRepository\com\alibaba\druid\1.1.10\druid-1.1.10.jar;D:\software development\MavenRepository\org\slf4j\slf4j-api\1.7.29\slf4j-api-1.7.29.jar;D:\software development\MavenRepository\org\springframework\boot\spring-boot-autoconfigure\2.2.2.RELEASE\spring-boot-autoconfigure-2.2.2.RELEASE.jar;D:\software development\MavenRepository\mysql\mysql-connector-java\5.1.29\mysql-connector-java-5.1.29.jar;D:\software development\MavenRepository\org\springframework\boot\spring-boot-starter-amqp\2.2.2.RELEASE\spring-boot-starter-amqp-2.2.2.RELEASE.jar;D:\software development\MavenRepository\org\springframework\boot\spring-boot-starter\2.2.2.RELEASE\spring-boot-starter-2.2.2.RELEASE.jar;D:\software development\MavenRepository\org\springframework\boot\spring-boot\2.2.2.RELEASE\spring-boot-2.2.2.RELEASE.jar;D:\software development\MavenRepository\org\springframework\boot\spring-boot-starter-logging\2.2.2.RELEASE\spring-boot-starter-logging-2.2.2.RELEASE.jar;D:\software development\MavenRepository\ch\qos\logback\logback-classic\1.2.3\logback-classic-1.2.3.jar;D:\software development\MavenRepository\ch\qos\logback\logback-core\1.2.3\logback-core-1.2.3.jar;D:\software development\MavenRepository\org\apache\logging\log4j\log4j-to-slf4j\2.12.1\log4j-to-slf4j-2.12.1.jar;D:\software development\MavenRepository\org\apache\logging\log4j\log4j-api\2.12.1\log4j-api-2.12.1.jar;D:\software development\MavenRepository\org\slf4j\jul-to-slf4j\1.7.29\jul-to-slf4j-1.7.29.jar;D:\software development\MavenRepository\jakarta\annotation\jakarta.annotation-api\1.3.5\jakarta.annotation-api-1.3.5.jar;D:\software development\MavenRepository\org\yaml\snakeyaml\1.25\snakeyaml-1.25.jar;D:\software development\MavenRepository\org\springframework\spring-messaging\5.2.2.RELEASE\spring-messaging-5.2.2.RELEASE.jar;D:\software development\MavenRepository\org\springframework\spring-beans\5.2.2.RELEASE\spring-beans-5.2.2.RELEASE.jar;D:\software development\MavenRepository\org\springframework\amqp\spring-rabbit\2.2.2.RELEASE\spring-rabbit-2.2.2.RELEASE.jar;D:\software development\MavenRepository\com\rabbitmq\amqp-client\5.7.3\amqp-client-5.7.3.jar;D:\software development\MavenRepository\org\springframework\amqp\spring-amqp\2.2.2.RELEASE\spring-amqp-2.2.2.RELEASE.jar;D:\software development\MavenRepository\org\springframework\retry\spring-retry\1.2.4.RELEASE\spring-retry-1.2.4.RELEASE.jar;D:\software development\MavenRepository\org\springframework\spring-context\5.2.2.RELEASE\spring-context-5.2.2.RELEASE.jar;D:\software development\MavenRepository\org\springframework\spring-tx\5.2.2.RELEASE\spring-tx-5.2.2.RELEASE.jar;D:\software development\MavenRepository\org\springframework\boot\spring-boot-starter-websocket\2.2.2.RELEASE\spring-boot-starter-websocket-2.2.2.RELEASE.jar;D:\software development\MavenRepository\org\springframework\boot\spring-boot-starter-web\2.2.2.RELEASE\spring-boot-starter-web-2.2.2.RELEASE.jar;D:\software development\MavenRepository\org\springframework\boot\spring-boot-starter-json\2.2.2.RELEASE\spring-boot-starter-json-2.2.2.RELEASE.jar;D:\software development\MavenRepository\com\fasterxml\jackson\core\jackson-databind\2.10.1\jackson-databind-2.10.1.jar;D:\software development\MavenRepository\com\fasterxml\jackson\core\jackson-annotations\2.10.1\jackson-annotations-2.10.1.jar;D:\software development\MavenRepository\com\fasterxml\jackson\core\jackson-core\2.10.1\jackson-core-2.10.1.jar;D:\software development\MavenRepository\com\fasterxml\jackson\datatype\jackson-datatype-jdk8\2.10.1\jackson-datatype-jdk8-2.10.1.jar;D:\software development\MavenRepository\com\fasterxml\jackson\datatype\jackson-datatype-jsr310\2.10.1\jackson-datatype-jsr310-2.10.1.jar;D:\software development\MavenRepository\com\fasterxml\jackson\module\jackson-module-parameter-names\2.10.1\jackson-module-parameter-names-2.10.1.jar;D:\software development\MavenRepository\org\springframework\boot\spring-boot-starter-tomcat\2.2.2.RELEASE\spring-boot-starter-tomcat-2.2.2.RELEASE.jar;D:\software development\MavenRepository\org\apache\tomcat\embed\tomcat-embed-core\9.0.29\tomcat-embed-core-9.0.29.jar;D:\software development\MavenRepository\org\apache\tomcat\embed\tomcat-embed-el\9.0.29\tomcat-embed-el-9.0.29.jar;D:\software development\MavenRepository\org\apache\tomcat\embed\tomcat-embed-websocket\9.0.29\tomcat-embed-websocket-9.0.29.jar;D:\software development\MavenRepository\org\springframework\boot\spring-boot-starter-validation\2.2.2.RELEASE\spring-boot-starter-validation-2.2.2.RELEASE.jar;D:\software development\MavenRepository\jakarta\validation\jakarta.validation-api\2.0.1\jakarta.validation-api-2.0.1.jar;D:\software development\MavenRepository\org\hibernate\validator\hibernate-validator\6.0.18.Final\hibernate-validator-6.0.18.Final.jar;D:\software development\MavenRepository\org\jboss\logging\jboss-logging\3.4.1.Final\jboss-logging-3.4.1.Final.jar;D:\software development\MavenRepository\com\fasterxml\classmate\1.5.1\classmate-1.5.1.jar;D:\software development\MavenRepository\org\springframework\spring-web\5.2.2.RELEASE\spring-web-5.2.2.RELEASE.jar;D:\software development\MavenRepository\org\springframework\spring-webmvc\5.2.2.RELEASE\spring-webmvc-5.2.2.RELEASE.jar;D:\software development\MavenRepository\org\springframework\spring-websocket\5.2.2.RELEASE\spring-websocket-5.2.2.RELEASE.jar;D:\software development\MavenRepository\org\springframework\boot\spring-boot-starter-test\2.2.2.RELEASE\spring-boot-starter-test-2.2.2.RELEASE.jar;D:\software development\MavenRepository\org\springframework\boot\spring-boot-test\2.2.2.RELEASE\spring-boot-test-2.2.2.RELEASE.jar;D:\software development\MavenRepository\org\springframework\boot\spring-boot-test-autoconfigure\2.2.2.RELEASE\spring-boot-test-autoconfigure-2.2.2.RELEASE.jar;D:\software development\MavenRepository\com\jayway\jsonpath\json-path\2.4.0\json-path-2.4.0.jar;D:\software development\MavenRepository\net\minidev\json-smart\2.3\json-smart-2.3.jar;D:\software development\MavenRepository\net\minidev\accessors-smart\1.2\accessors-smart-1.2.jar;D:\software development\MavenRepository\org\ow2\asm\asm\5.0.4\asm-5.0.4.jar;D:\software development\MavenRepository\jakarta\xml\bind\jakarta.xml.bind-api\2.3.2\jakarta.xml.bind-api-2.3.2.jar;D:\software development\MavenRepository\jakarta\activation\jakarta.activation-api\1.2.1\jakarta.activation-api-1.2.1.jar;D:\software development\MavenRepository\org\junit\jupiter\junit-jupiter\5.5.2\junit-jupiter-5.5.2.jar;D:\software development\MavenRepository\org\junit\jupiter\junit-jupiter-api\5.5.2\junit-jupiter-api-5.5.2.jar;D:\software development\MavenRepository\org\apiguardian\apiguardian-api\1.1.0\apiguardian-api-1.1.0.jar;D:\software development\MavenRepository\org\opentest4j\opentest4j\1.2.0\opentest4j-1.2.0.jar;D:\software development\MavenRepository\org\junit\platform\junit-platform-commons\1.5.2\junit-platform-commons-1.5.2.jar;D:\software development\MavenRepository\org\junit\jupiter\junit-jupiter-params\5.5.2\junit-jupiter-params-5.5.2.jar;D:\software development\MavenRepository\org\junit\jupiter\junit-jupiter-engine\5.5.2\junit-jupiter-engine-5.5.2.jar;D:\software development\MavenRepository\org\junit\platform\junit-platform-engine\1.5.2\junit-platform-engine-1.5.2.jar;D:\software development\MavenRepository\org\mockito\mockito-junit-jupiter\3.1.0\mockito-junit-jupiter-3.1.0.jar;D:\software development\MavenRepository\org\assertj\assertj-core\3.13.2\assertj-core-3.13.2.jar;D:\software development\MavenRepository\org\hamcrest\hamcrest\2.1\hamcrest-2.1.jar;D:\software development\MavenRepository\org\mockito\mockito-core\3.1.0\mockito-core-3.1.0.jar;D:\software development\MavenRepository\net\bytebuddy\byte-buddy\1.10.4\byte-buddy-1.10.4.jar;D:\software development\MavenRepository\net\bytebuddy\byte-buddy-agent\1.10.4\byte-buddy-agent-1.10.4.jar;D:\software development\MavenRepository\org\objenesis\objenesis\2.6\objenesis-2.6.jar;D:\software development\MavenRepository\org\skyscreamer\jsonassert\1.5.0\jsonassert-1.5.0.jar;D:\software development\MavenRepository\com\vaadin\external\google\android-json\0.0.20131108.vaadin1\android-json-0.0.20131108.vaadin1.jar;D:\software development\MavenRepository\org\springframework\spring-core\5.2.2.RELEASE\spring-core-5.2.2.RELEASE.jar;D:\software development\MavenRepository\org\springframework\spring-jcl\5.2.2.RELEASE\spring-jcl-5.2.2.RELEASE.jar;D:\software development\MavenRepository\org\springframework\spring-test\5.2.2.RELEASE\spring-test-5.2.2.RELEASE.jar;D:\software development\MavenRepository\org\xmlunit\xmlunit-core\2.6.3\xmlunit-core-2.6.3.jar;D:\software development\MavenRepository\org\springframework\security\spring-security-test\5.2.1.RELEASE\spring-security-test-5.2.1.RELEASE.jar;D:\software development\MavenRepository\org\springframework\security\spring-security-core\5.2.1.RELEASE\spring-security-core-5.2.1.RELEASE.jar;D:\software development\MavenRepository\org\springframework\spring-expression\5.2.2.RELEASE\spring-expression-5.2.2.RELEASE.jar;D:\software development\MavenRepository\org\springframework\security\spring-security-web\5.2.1.RELEASE\spring-security-web-5.2.1.RELEASE.jar;"/>
    <property name="java.vm.vendor" value="Oracle Corporation"/>
    <property name="sun.arch.data.model" value="64"/>
    <property name="user.variant" value=""/>
    <property name="java.vendor.url" value="http://java.oracle.com/"/>
    <property name="user.timezone" value="Asia/Shanghai"/>
    <property name="java.vm.specification.version" value="1.8"/>
    <property name="os.name" value="Windows 10"/>
    <property name="user.country" value="CN"/>
    <property name="sun.java.launcher" value="SUN_STANDARD"/>
    <property name="sun.boot.library.path" value="C:\Program Files\Java\jdk1.8.0_144\jre\bin"/>
    <property name="sun.java.command" value="C:\Users\TsuNe\AppData\Local\Temp\surefire5528023891592700275\surefirebooter46177128565121807.jar C:\Users\TsuNe\AppData\Local\Temp\surefire5528023891592700275 2020-03-06T11-33-13_925-jvmRun1 surefire3375403893728901159tmp surefire_01442162442627685269tmp"/>
    <property name="surefire.test.class.path" value="D:\IdeaProjects\vhr\vhrserver\vhr-web\target\test-classes;D:\IdeaProjects\vhr\vhrserver\vhr-web\target\classes;D:\IdeaProjects\vhr\vhrserver\vhr-service\target\vhr-service-1.0-SNAPSHOT.jar;D:\software development\MavenRepository\org\springframework\boot\spring-boot-starter-security\2.2.2.RELEASE\spring-boot-starter-security-2.2.2.RELEASE.jar;D:\software development\MavenRepository\org\springframework\spring-aop\5.2.2.RELEASE\spring-aop-5.2.2.RELEASE.jar;D:\software development\MavenRepository\org\springframework\security\spring-security-config\5.2.1.RELEASE\spring-security-config-5.2.1.RELEASE.jar;D:\software development\MavenRepository\org\apache\poi\poi\4.1.1\poi-4.1.1.jar;D:\software development\MavenRepository\commons-codec\commons-codec\1.13\commons-codec-1.13.jar;D:\software development\MavenRepository\org\apache\commons\commons-collections4\4.4\commons-collections4-4.4.jar;D:\software development\MavenRepository\org\apache\commons\commons-math3\3.6.1\commons-math3-3.6.1.jar;D:\IdeaProjects\vhr\vhrserver\vhr-mapper\target\vhr-mapper-1.0-SNAPSHOT.jar;D:\IdeaProjects\vhr\vhrserver\vhr-model\target\vhr-model-1.0-SNAPSHOT.jar;D:\software development\MavenRepository\org\mybatis\spring\boot\mybatis-spring-boot-starter\2.1.1\mybatis-spring-boot-starter-2.1.1.jar;D:\software development\MavenRepository\org\springframework\boot\spring-boot-starter-jdbc\2.2.2.RELEASE\spring-boot-starter-jdbc-2.2.2.RELEASE.jar;D:\software development\MavenRepository\com\zaxxer\HikariCP\3.4.1\HikariCP-3.4.1.jar;D:\software development\MavenRepository\org\springframework\spring-jdbc\5.2.2.RELEASE\spring-jdbc-5.2.2.RELEASE.jar;D:\software development\MavenRepository\org\mybatis\spring\boot\mybatis-spring-boot-autoconfigure\2.1.1\mybatis-spring-boot-autoconfigure-2.1.1.jar;D:\software development\MavenRepository\org\mybatis\mybatis\3.5.3\mybatis-3.5.3.jar;D:\software development\MavenRepository\org\mybatis\mybatis-spring\2.0.3\mybatis-spring-2.0.3.jar;D:\software development\MavenRepository\com\alibaba\druid-spring-boot-starter\1.1.10\druid-spring-boot-starter-1.1.10.jar;D:\software development\MavenRepository\com\alibaba\druid\1.1.10\druid-1.1.10.jar;D:\software development\MavenRepository\org\slf4j\slf4j-api\1.7.29\slf4j-api-1.7.29.jar;D:\software development\MavenRepository\org\springframework\boot\spring-boot-autoconfigure\2.2.2.RELEASE\spring-boot-autoconfigure-2.2.2.RELEASE.jar;D:\software development\MavenRepository\mysql\mysql-connector-java\5.1.29\mysql-connector-java-5.1.29.jar;D:\software development\MavenRepository\org\springframework\boot\spring-boot-starter-amqp\2.2.2.RELEASE\spring-boot-starter-amqp-2.2.2.RELEASE.jar;D:\software development\MavenRepository\org\springframework\boot\spring-boot-starter\2.2.2.RELEASE\spring-boot-starter-2.2.2.RELEASE.jar;D:\software development\MavenRepository\org\springframework\boot\spring-boot\2.2.2.RELEASE\spring-boot-2.2.2.RELEASE.jar;D:\software development\MavenRepository\org\springframework\boot\spring-boot-starter-logging\2.2.2.RELEASE\spring-boot-starter-logging-2.2.2.RELEASE.jar;D:\software development\MavenRepository\ch\qos\logback\logback-classic\1.2.3\logback-classic-1.2.3.jar;D:\software development\MavenRepository\ch\qos\logback\logback-core\1.2.3\logback-core-1.2.3.jar;D:\software development\MavenRepository\org\apache\logging\log4j\log4j-to-slf4j\2.12.1\log4j-to-slf4j-2.12.1.jar;D:\software development\MavenRepository\org\apache\logging\log4j\log4j-api\2.12.1\log4j-api-2.12.1.jar;D:\software development\MavenRepository\org\slf4j\jul-to-slf4j\1.7.29\jul-to-slf4j-1.7.29.jar;D:\software development\MavenRepository\jakarta\annotation\jakarta.annotation-api\1.3.5\jakarta.annotation-api-1.3.5.jar;D:\software development\MavenRepository\org\yaml\snakeyaml\1.25\snakeyaml-1.25.jar;D:\software development\MavenRepository\org\springframework\spring-messaging\5.2.2.RELEASE\spring-messaging-5.2.2.RELEASE.jar;D:\software development\MavenRepository\org\springframework\spring-beans\5.2.2.RELEASE\spring-beans-5.2.2.RELEASE.jar;D:\software development\MavenRepository\org\springframework\amqp\spring-rabbit\2.2.2.RELEASE\spring-rabbit-2.2.2.RELEASE.jar;D:\software development\MavenRepository\com\rabbitmq\amqp-client\5.7.3\amqp-client-5.7.3.jar;D:\software development\MavenRepository\org\springframework\amqp\spring-amqp\2.2.2.RELEASE\spring-amqp-2.2.2.RELEASE.jar;D:\software development\MavenRepository\org\springframework\retry\spring-retry\1.2.4.RELEASE\spring-retry-1.2.4.RELEASE.jar;D:\software development\MavenRepository\org\springframework\spring-context\5.2.2.RELEASE\spring-context-5.2.2.RELEASE.jar;D:\software development\MavenRepository\org\springframework\spring-tx\5.2.2.RELEASE\spring-tx-5.2.2.RELEASE.jar;D:\software development\MavenRepository\org\springframework\boot\spring-boot-starter-websocket\2.2.2.RELEASE\spring-boot-starter-websocket-2.2.2.RELEASE.jar;D:\software development\MavenRepository\org\springframework\boot\spring-boot-starter-web\2.2.2.RELEASE\spring-boot-starter-web-2.2.2.RELEASE.jar;D:\software development\MavenRepository\org\springframework\boot\spring-boot-starter-json\2.2.2.RELEASE\spring-boot-starter-json-2.2.2.RELEASE.jar;D:\software development\MavenRepository\com\fasterxml\jackson\core\jackson-databind\2.10.1\jackson-databind-2.10.1.jar;D:\software development\MavenRepository\com\fasterxml\jackson\core\jackson-annotations\2.10.1\jackson-annotations-2.10.1.jar;D:\software development\MavenRepository\com\fasterxml\jackson\core\jackson-core\2.10.1\jackson-core-2.10.1.jar;D:\software development\MavenRepository\com\fasterxml\jackson\datatype\jackson-datatype-jdk8\2.10.1\jackson-datatype-jdk8-2.10.1.jar;D:\software development\MavenRepository\com\fasterxml\jackson\datatype\jackson-datatype-jsr310\2.10.1\jackson-datatype-jsr310-2.10.1.jar;D:\software development\MavenRepository\com\fasterxml\jackson\module\jackson-module-parameter-names\2.10.1\jackson-module-parameter-names-2.10.1.jar;D:\software development\MavenRepository\org\springframework\boot\spring-boot-starter-tomcat\2.2.2.RELEASE\spring-boot-starter-tomcat-2.2.2.RELEASE.jar;D:\software development\MavenRepository\org\apache\tomcat\embed\tomcat-embed-core\9.0.29\tomcat-embed-core-9.0.29.jar;D:\software development\MavenRepository\org\apache\tomcat\embed\tomcat-embed-el\9.0.29\tomcat-embed-el-9.0.29.jar;D:\software development\MavenRepository\org\apache\tomcat\embed\tomcat-embed-websocket\9.0.29\tomcat-embed-websocket-9.0.29.jar;D:\software development\MavenRepository\org\springframework\boot\spring-boot-starter-validation\2.2.2.RELEASE\spring-boot-starter-validation-2.2.2.RELEASE.jar;D:\software development\MavenRepository\jakarta\validation\jakarta.validation-api\2.0.1\jakarta.validation-api-2.0.1.jar;D:\software development\MavenRepository\org\hibernate\validator\hibernate-validator\6.0.18.Final\hibernate-validator-6.0.18.Final.jar;D:\software development\MavenRepository\org\jboss\logging\jboss-logging\3.4.1.Final\jboss-logging-3.4.1.Final.jar;D:\software development\MavenRepository\com\fasterxml\classmate\1.5.1\classmate-1.5.1.jar;D:\software development\MavenRepository\org\springframework\spring-web\5.2.2.RELEASE\spring-web-5.2.2.RELEASE.jar;D:\software development\MavenRepository\org\springframework\spring-webmvc\5.2.2.RELEASE\spring-webmvc-5.2.2.RELEASE.jar;D:\software development\MavenRepository\org\springframework\spring-websocket\5.2.2.RELEASE\spring-websocket-5.2.2.RELEASE.jar;D:\software development\MavenRepository\org\springframework\boot\spring-boot-starter-test\2.2.2.RELEASE\spring-boot-starter-test-2.2.2.RELEASE.jar;D:\software development\MavenRepository\org\springframework\boot\spring-boot-test\2.2.2.RELEASE\spring-boot-test-2.2.2.RELEASE.jar;D:\software development\MavenRepository\org\springframework\boot\spring-boot-test-autoconfigure\2.2.2.RELEASE\spring-boot-test-autoconfigure-2.2.2.RELEASE.jar;D:\software development\MavenRepository\com\jayway\jsonpath\json-path\2.4.0\json-path-2.4.0.jar;D:\software development\MavenRepository\net\minidev\json-smart\2.3\json-smart-2.3.jar;D:\software development\MavenRepository\net\minidev\accessors-smart\1.2\accessors-smart-1.2.jar;D:\software development\MavenRepository\org\ow2\asm\asm\5.0.4\asm-5.0.4.jar;D:\software development\MavenRepository\jakarta\xml\bind\jakarta.xml.bind-api\2.3.2\jakarta.xml.bind-api-2.3.2.jar;D:\software development\MavenRepository\jakarta\activation\jakarta.activation-api\1.2.1\jakarta.activation-api-1.2.1.jar;D:\software development\MavenRepository\org\junit\jupiter\junit-jupiter\5.5.2\junit-jupiter-5.5.2.jar;D:\software development\MavenRepository\org\junit\jupiter\junit-jupiter-api\5.5.2\junit-jupiter-api-5.5.2.jar;D:\software development\MavenRepository\org\apiguardian\apiguardian-api\1.1.0\apiguardian-api-1.1.0.jar;D:\software development\MavenRepository\org\opentest4j\opentest4j\1.2.0\opentest4j-1.2.0.jar;D:\software development\MavenRepository\org\junit\platform\junit-platform-commons\1.5.2\junit-platform-commons-1.5.2.jar;D:\software development\MavenRepository\org\junit\jupiter\junit-jupiter-params\5.5.2\junit-jupiter-params-5.5.2.jar;D:\software development\MavenRepository\org\junit\jupiter\junit-jupiter-engine\5.5.2\junit-jupiter-engine-5.5.2.jar;D:\software development\MavenRepository\org\junit\platform\junit-platform-engine\1.5.2\junit-platform-engine-1.5.2.jar;D:\software development\MavenRepository\org\mockito\mockito-junit-jupiter\3.1.0\mockito-junit-jupiter-3.1.0.jar;D:\software development\MavenRepository\org\assertj\assertj-core\3.13.2\assertj-core-3.13.2.jar;D:\software development\MavenRepository\org\hamcrest\hamcrest\2.1\hamcrest-2.1.jar;D:\software development\MavenRepository\org\mockito\mockito-core\3.1.0\mockito-core-3.1.0.jar;D:\software development\MavenRepository\net\bytebuddy\byte-buddy\1.10.4\byte-buddy-1.10.4.jar;D:\software development\MavenRepository\net\bytebuddy\byte-buddy-agent\1.10.4\byte-buddy-agent-1.10.4.jar;D:\software development\MavenRepository\org\objenesis\objenesis\2.6\objenesis-2.6.jar;D:\software development\MavenRepository\org\skyscreamer\jsonassert\1.5.0\jsonassert-1.5.0.jar;D:\software development\MavenRepository\com\vaadin\external\google\android-json\0.0.20131108.vaadin1\android-json-0.0.20131108.vaadin1.jar;D:\software development\MavenRepository\org\springframework\spring-core\5.2.2.RELEASE\spring-core-5.2.2.RELEASE.jar;D:\software development\MavenRepository\org\springframework\spring-jcl\5.2.2.RELEASE\spring-jcl-5.2.2.RELEASE.jar;D:\software development\MavenRepository\org\springframework\spring-test\5.2.2.RELEASE\spring-test-5.2.2.RELEASE.jar;D:\software development\MavenRepository\org\xmlunit\xmlunit-core\2.6.3\xmlunit-core-2.6.3.jar;D:\software development\MavenRepository\org\springframework\security\spring-security-test\5.2.1.RELEASE\spring-security-test-5.2.1.RELEASE.jar;D:\software development\MavenRepository\org\springframework\security\spring-security-core\5.2.1.RELEASE\spring-security-core-5.2.1.RELEASE.jar;D:\software development\MavenRepository\org\springframework\spring-expression\5.2.2.RELEASE\spring-expression-5.2.2.RELEASE.jar;D:\software development\MavenRepository\org\springframework\security\spring-security-web\5.2.1.RELEASE\spring-security-web-5.2.1.RELEASE.jar;"/>
    <property name="sun.cpu.endian" value="little"/>
    <property name="user.home" value="C:\Users\TsuNe"/>
    <property name="user.language" value="zh"/>
    <property name="java.specification.vendor" value="Oracle Corporation"/>
    <property name="java.home" value="C:\Program Files\Java\jdk1.8.0_144\jre"/>
    <property name="basedir" value="D:\IdeaProjects\vhr\vhrserver\vhr-web"/>
    <property name="file.separator" value="\"/>
    <property name="line.separator" value="&#10;"/>
    <property name="idea.version2019.2.4" value="true"/>
    <property name="java.vm.specification.vendor" value="Oracle Corporation"/>
    <property name="java.specification.name" value="Java Platform API Specification"/>
    <property name="java.awt.graphicsenv" value="sun.awt.Win32GraphicsEnvironment"/>
    <property name="surefire.real.class.path" value="C:\Users\TsuNe\AppData\Local\Temp\surefire5528023891592700275\surefirebooter46177128565121807.jar"/>
    <property name="sun.boot.class.path" value="C:\Program Files\Java\jdk1.8.0_144\jre\lib\resources.jar;C:\Program Files\Java\jdk1.8.0_144\jre\lib\rt.jar;C:\Program Files\Java\jdk1.8.0_144\jre\lib\sunrsasign.jar;C:\Program Files\Java\jdk1.8.0_144\jre\lib\jsse.jar;C:\Program Files\Java\jdk1.8.0_144\jre\lib\jce.jar;C:\Program Files\Java\jdk1.8.0_144\jre\lib\charsets.jar;C:\Program Files\Java\jdk1.8.0_144\jre\lib\jfr.jar;C:\Program Files\Java\jdk1.8.0_144\jre\classes"/>
    <property name="user.script" value=""/>
    <property name="sun.management.compiler" value="HotSpot 64-Bit Tiered Compilers"/>
    <property name="java.runtime.version" value="1.8.0_144-b01"/>
    <property name="user.name" value="TsuNe"/>
    <property name="path.separator" value=";"/>
    <property name="os.version" value="10.0"/>
    <property name="java.endorsed.dirs" value="C:\Program Files\Java\jdk1.8.0_144\jre\lib\endorsed"/>
    <property name="java.runtime.name" value="Java(TM) SE Runtime Environment"/>
    <property name="file.encoding" value="GBK"/>
    <property name="java.vm.name" value="Java HotSpot(TM) 64-Bit Server VM"/>
    <property name="localRepository" value="D:\software development\MavenRepository"/>
    <property name="java.vendor.url.bug" value="http://bugreport.sun.com/bugreport/"/>
    <property name="java.io.tmpdir" value="C:\Users\TsuNe\AppData\Local\Temp\"/>
    <property name="java.version" value="1.8.0_144"/>
    <property name="user.dir" value="D:\IdeaProjects\vhr\vhrserver\vhr-web"/>
    <property name="os.arch" value="amd64"/>
    <property name="java.vm.specification.name" value="Java Virtual Machine Specification"/>
    <property name="java.awt.printerjob" value="sun.awt.windows.WPrinterJob"/>
    <property name="sun.os.patch.level" value=""/>
    <property name="java.library.path" value="C:\Program Files\Java\jdk1.8.0_144\jre\bin;C:\WINDOWS\Sun\Java\bin;C:\WINDOWS\system32;C:\WINDOWS;C:\Program Files\Python37\Scripts\;C:\Program Files\Python37\;C:\ProgramData\Oracle\Java\javapath;C:\Windows\system32;C:\Windows;C:\Windows\System32\Wbem;C:\Windows\System32\WindowsPowerShell\v1.0\;C:\Windows\System32\OpenSSH\;C:\Program Files (x86)\NVIDIA Corporation\PhysX\Common;C:\Program Files\mysql-5.6.37-winx64\bin;D:\MATLAB\R2018a\runtime\win64;D:\MATLAB\R2018a\bin;C:\Program Files (x86)\Sybase\PowerDynamo\win32;C:\Program Files (x86)\Sybase\SQL Anywhere 8\win32;C:\Program Files (x86)\Sybase\Shared\win32;C:\Program Files (x86)\Sybase\Shared\Sybase Central 4.1;C:\WINDOWS\system32;C:\WINDOWS;C:\WINDOWS\System32\Wbem;C:\WINDOWS\System32\WindowsPowerShell\v1.0\;C:\WINDOWS\System32\OpenSSH\;D:\软件开发\apache-maven-3.6.3\bin;D:\software development\nodejs\;C:\Program Files\Docker\Docker\resources\bin;C:\ProgramData\DockerDesktop\version-bin;C:\Program Files\Intel\WiFi\bin\;C:\Program Files\Common Files\Intel\WirelessCommon\;C:\Users\TsuNe\AppData\Local\Microsoft\WindowsApps;D:\software development\nodejs\node_global;D:\software development\WebStorm 2019.3.1\bin;D:\Program Files\mysql-5.6.37-winx64\bin;."/>
    <property name="java.vm.info" value="mixed mode"/>
    <property name="java.vendor" value="Oracle Corporation"/>
    <property name="java.vm.version" value="25.144-b01"/>
    <property name="java.ext.dirs" value="C:\Program Files\Java\jdk1.8.0_144\jre\lib\ext;C:\WINDOWS\Sun\Java\lib\ext"/>
    <property name="sun.io.unicode.encoding" value="UnicodeLittle"/>
    <property name="maven.repo.local" value="D:\software development\MavenRepository"/>
    <property name="java.class.version" value="52.0"/>
  </properties>
  <testcase name="contextLoads" classname="com.tsune.vhr02.Vhr02ApplicationTests" time="0.437"/>
</testsuite>